44357
9331
61845
26
30269
59694
29066
2903
66492
46439
19974
5409
51584
63828
17211
25731
2077
3410
7113
893
80729
7115
7524
16023
25662
61737
26646
6606
49020
81440
17583
3536
13691
42286
21721
8828
8572
7500
538
26302
52306
80046
48079
680
64412
14904
609
29097
10291
6726
588
6733
8906
13368
15136
17326
62329
37247
57231
62604
23622
17875
18737
45580
17890
6360
58310
7629
9742
6812
6684
55069
33056
41690
39917
39485
28174
13160
17732
24156
3626
1714
4511
14892
688
25999
53152
8474
55111
4785
75173
5276
24617
5895
22586
13807
18627
3259
11875
37592
14184
30354
25562
56309
907
12464
16369
32378
12224
13954
70262
41503
38722
37496
23894
16546
658
27989
36268
34077
15939
54299
18870
53230
24459
4845
23815
16216
53596
13311
41914
19141
26335
1184
38383
31979
48811
49898
17857
47872
40737
67106
44
2073
6384
14499
28061
558
4131
26576
1108
73910
7316
94235
22896
7436
19877
28757
26284
72
32594
22524
91493
5434
91433
57762
90134
2220
36486
17379
16953
37831
18961
19646
1718
18520
37031
2236
7912
59280
34634
9532
59954
31053
38146
820
818
31265
13734
791
15251
36682
3621
8849
53345
17403
160
19224
38485
17409
21479
8008
2917
7850
29030
136
53058
24447
17733
21780
30568
11635
56177
31248
3347
16067
7918
40156
731
31625
34470
55645
41092
6196
287
37611
52700
20708
44579
36780
35626
490
234
52109
23753
4850
10945
22660
49660
61202
39612
14273
23504
1522
81175
27986
13844
6512
33864
29787
26885
16114
16408
2545
64517
41361
13231
5431
632
19165
19592
787
64266
22744
24448
15813
371
16825
60580
63898
6357
34
39935
47681
28185
37313
28930
91817
19055
14292
27603
69240
48852
20392
54544
32703
72893
10145
5771
49453
41122
5857
10669
2207
35787
394
13302
25730
1173
4894
13918
27967
21002
1278
47447
9734
2567
9094
14521
3597
33987
38601
37583
13207
2739
51606
14392
39088
1187
1363
3807
33972
17637
45340
14631
1325
11332
33069
8552
58992
13477
56247
7844
4918
86
27467
75496
28112
16815
45827
4747
6006
32767
22970
82434
17847
185
31618
52882
76604
34646
50153
37481
27305
35600
49828
18885
7367
6950
13378
6144
63692
38281
6987
10911
41199
196
22782
5376
69781
23517
5121
31605
73636
11564
53765
64115
14881
52569
46223
2741
2515
30558
17740
3608
2347
49284
64298
43167
4794
25938
14752
6402
4231
8058
23527
27259
34091
6536
31626
5653
42403
44026
7484
69809
2401
2082
61365
44298
2363
4931
81
880
21690
20977
1046
20593
47952
43771
1443
58444
11482
6193
51410
16387
45563
5870
1718
35044
2229
17072
11205
25787
9923
23871
26403
10468
35854
543
81827
21401
11525
2362
6627
8052
6718
1484
13510
11795
32353
35531
39783
39030
37180
27640
2190
20254
5298
13824
2681
8426
15654
3542
17554
7398
13206
8226
2637
24902
22367
29459
13078
4377
1055
60143
25799
37643
15811
3798
39885
11096
33171
30755
128
80745
7211
18411
76690
41932
78903
7999
67458
1372
16697
14738
586
1575
19597
52394
104
256
32309
8200
45801
33130
23242
1162
70155
37993
35221
962
17720
53217
13567
18359
52275
14115
68109
13726
939
915
9367
68375
13381
3941
11809
5136
13787
7012
45993
5102
8786
4152
29931
7515
32374
1771
16032
15397
2199
27852
44048
57417
85742
18912
39730
39402
1555
587
1517
24254
796
4535
762
12400
6551
63858
5908
28070
778
18181
60631
39012
23454
25996
10367
54259
15960
32534
33819
44690
42503
43090
5525
82460
38176
16638
71970
6697
41706
40956
56718
51919
78062
50054
10470
2181
7046
417
42900
8210
31132
15268
27424
15396
73112
86621
21176
63184
13616
13167
53104
61294
13783
25505
56102
28522
33847
12091
12423
5839
37665
49019
51672
36171
5924
41427
17496
34248
44004
33070
43333
2543
1812
78212
670
11288
6964
8830
5356
4400
8100
1207
49054
18628
1563
61204
3097
3184
25838
17868
27298
50926
17682
56509
12565
4559
5444
24592
47221
23258
8822
2865
22326
30379
16874
3490
34440
37859
37608
7946
28849
21674
86524
13107
6403
2038
59156
72923
54123
340
47407
18468
44134
4745
603
38661
26643
3007
57856
40466
36483
21781
1399
147
11833
31235
5231
21811
5766
21131
4248
12589
21813
15463
28996
9983
18472
960
293
2953
1743
9787
40129
1185
21550
45627
11138
15220
59646
2675
60607
6201
13458
72167
9851
30440
37817
44003
26297
10231
19927
949
4182
38775
16707
3979
64759
17935
5489
48588
87491
8096
17890
17866
51183
20950
54438
31590
46195
40707
33174
34792
9235
6997
47468
49280
8979
6546
34610
82053
79468
6314
56723
2075
20125
17549
27746
26834
10876
7448
35829
42571
1128
75901
25466
76376
8436
31451
71995
9506
16389
2912
6522
59631
7092
40785
4443
25370
24353
31167
351
77094
42723
33269
5108
228
2540
565
53350
21763
8761
16647
11923
4473
10565
9121
42072
9183
558
22971
34295
48652
3649
46222
13400
50572
31134
154
21029
50954
4218
2459
35462
24665
27679
15824
52440
16112
38923
8070
12104
38731
28951
1287
37878
45715
4297
241
4634
49770
8990
5509
18952
76735
27832
71884
19828
37279
47387
11335
24424
32118
5647
17248
44742
372
62586
34854
67409
12465
83484
13961
1958
44256
23163
36519
16717
8411
1413
5690
14137
36529
42050
4905
48863
12289
6657
17643
19842
16771
9973
22994
66197
18447
79842
5169
32831
35591
31879
88439
27042
6385
5000
20785
1798
63005
18696
31262
4094
48855
52416
15721
1661
7481
21204
6194
28904
5951
4549
10567
14337
75044
35200
831
3592
12154
14221
36105
18562
3549
10673
55484
49638
88674
26432
10096
59956
84246
4154
25839
29608
13601
1831
1302
35578
3161
47127
9304
11825
66041
6010
67568
34192
18857
62713
4395
501
48380
16780
4971
15509
14355
22206
28025
21256
2665
3367
5400
222
75915
2691
31300
15361
21194
2690
56890
17224
77264
16882
19992
35055
443
789
4533
1702
1083
16305
2312
12147
46377
47803
10343
1181
52293
4556
995
22911
49114
4758
1327
50767
80657
9022
20326
62
29587
13025
65526
48538
841
1368
30995
2471
46548
12555
37921
4824
1665
6160
10906
1617
861
18275
37279
35439
64918
60748
17565
6425
4326
94458
45253
38583
882
5546
6568
3444
29667
234
7148
10319
27066
83455
10560
13397
58080
32422
1516
7929
10798
59788
7253
1173
9057
39701
6165
29986
30613
16843
21066
10498
31382
35541
57565
31057
15900
91674
71803
12686
328
45809
2735
20203
8771
29450
10772
3982
9243
10979
11977
10974
42859
11279
43146
1023
48107
2398
69474
269
5562
10665
18196
5628
26903
70189
13116
26236
63843
1586
18186
9062
13340
5522
15950
29353
4612
81989
6453
3171
30296
22873
12543
63428
30765
3539
16585
5588
18239
32463
20165
300
23129
15956
22812
1923
38561
66035
18646
46926
13215
8530
30017
18095
698
32183
27825
22401
29323
21619
168
21149
53791
21390
12220
1698
32421
31281
12382
27910
26027
40070
14313
21558
45248
19474
30906
14138
3976
21633
21028
70465
11455
20442
5323
1096
9647
50053
4060
21182
82327
79634
69550
59716
41218
37606
2087
18876
3248
35169
17975
32256
30608
14333
15588
30265
64424
30264
13562
25872
19594
6728
44259
1954
14867
31521
89166
4712
13257
7283
281
1251
409
37628
4071
324
3807
25057
35443
20835
915
58040
38009
25148
23754
63275
25680
40242
78587
7161
27349
10663
7428
7382
71733
63057
12968
17821
49642
21913
21874
11909
8222
57107
14387
50977
23093
84972
46988
11381
7370
39581
4914
48948
4432
68805
47367
8463
19127
6246
49851
24428
14705
2979
4453
5183
10364
52218
20335
2136
47672
24498
72772
6698
7950
70537
14117
61048
7078
60868
22826
5118
6916
8020
6837
43120
15444
29139
44410
79
33641
12611
11174
5839
39353
2898
23793
6230
24175
79955
16349
89017
48984
6795
8213
228
10335
9737
16155
1787
46040
16047
8624
88602
40501
36943
5530
7357
65597
11933
14869
42178
21078
34721
20306
6694
6673
1228
56081
38231
10682
8280
14728
1876
3206
4065
190
15818
1776
9213
2449
49121
16098
24790
6812
21032
53849
42682
19670
45268
2468
17859
1697
19078
10956
2517
1209
1277
33594
778
56716
856
29778
42858
452
17059
14744
39274
6357
1358
30447
2374
79
5335
190
7336
42130
23334
56320
16261
11368
23155
25297
8011
42025
23697
15481
50062
25071
1125
36507
79855
3974
32901
10388
21322
18183
7062
37610
29615
78880
32364
4334
51679
52758
16795
93046
10196
42988
62978
19117
44400
20833
13973
61373
2304
35857
28183
19858
89760
60034
56910
30010
3796
5909
34516
13493
533
30628
31486
70869
37353
11828
24509
28788
37131
38875
31360
14835
32243
21689
602
39030
20871
55
10808
9015
4614
47574
29094
19505
11198
1367
2077
789
2047
44652
24997
5221
7511
9256
6227
13846
28975
7123
30405
62670
965
2502
21
4714
15692
8526
15612
8552
55143
19776
9475
25555
75567
20381
57896
33413
54849
13445
6582
41774
51921
5055
6748
40122
12840
19412
15299
56082
67605
31267
13
33175
83599
3081
72667
30336
18309
51007
22160
3940
44522
10329
55894
92875
62859
126
68355
8174
60541
4895
85266
6184
55542
12768
55245
30042
8733
85816
6863
2875
39238
32789
20485
66778
14835
67291
4270
29678
20924
30993
66788
15792
21115
40425
13691
8730
48223
25145
6473
45183
29979
16229
48267
6929
6733
12435
92323
40296
26386
1764
8575
40596
389
16164
8977
7251
2015
28822
35408
6209
9176
62228
20858
12501
11423
4568
5061
12228
32128
32174
56072
24941
35980
1631
33112
9069
17776
54291
21567
39901
8084
2228
46918
552
1706
10754
28118
53885
64011
45487
7360
4982
25034
47080
5670
1113
30084
1064
9156
46869
12660
3317
61451
14721
24413
21717
40557
2890
3779
12471
727
47904
6753
37879
45700
19529
970
25721
4759
16265
57767
12706
12706
45555
49212
33386
5683
18735
52495
46160
59428
1505
9022
8381
20396
64351
49017
40950
43160
26667
4367
3582
17615
30701
25304
8319
16039
42546
15753
40162
5864
4369
31249
80395
5721
34525
41249
27660
8043
10622
1952
57765
2435
2994
56889
670
61040
1681
26565
4284
25206
1594
21835
79312
54841
1468
36326
61403
28902
19625
1091
48085
3266
1807
6797
3073
3994
60666
83642
4095
31885
23422
28847
2734
82121
22656
32617
14478
10026
11516
20527
29058
60251
16539
6419
12375
16323
39956
6831
32396
57216
58757
3866
2979
45050
10243
16308
10882
40710
14058
34934
38971
24408
25531
34710
3919
25671
23726
28656
20201
37346
5216
29078
10480
195
84058
44439
63464
4550
1858
6029
25232
55511
13905
860
111
6402
9876
5568
14363
33078
83331
9875
23041
4414
6961
20223
41722
71923
55798
1498
2164
33199
801
3343
5024
40410
11852
25810
68573
15280
1697
62413
209
33239
1557
5225
8200
16719
57579
21524
44455
29680
530
37970
51377
2418
29876
23416
7274
21996
1546
34380
4660
51542
66179
55175
158
45613
37821
24294
25409
1513
2659
2161
3086
3361
350
15956
25370
28552
34243
13094
523
13651
38254
34970
5872
7011
77317
14440
58578
902
30502
30635
22517
187
34918
35840
66797
3314
7799
4965
31398
5941
37255
5142
55102
9773
20211
3267
38830
5859
10113
2528
12974
69698
29048
4768
1333
39233
1695
4253
999
85613
7578
27601
2295
9767
41064
4000
47190
32559
17185
11655
23389
13635
66128
8715
5542
3620
2157
48151
1416
71708
16487
5671
1068
1294
21680
60398
13258
9707
4587
39024
8831
2944
56356
19822
85070
76706
1345
70911
31258
34250
7565
6649
11166
27502
22546
7150
13521
23032
83922
54209
42026
53154
18349
76439
21253
1533
48076
25120
5931
12242
8530
3382
761
408
42844
39517
1518
47014
6664
8391
5413
62939
29828
915
29231
106
20606
74531
58212
31096
25891
54847
21393
26585
6269
65684
16278
34145
1942
7568
1966
44663
11905
33986
27725
36553
12313
1433
87965
20567
36345
19675
48967
12292
76784
23093
3107
21418
6624
72686
10623
48020
1581
4691
2513
16116
13354
16587
37122
2489
21676
10520
31205
23712
11583
2113
48965
9061
43439
14787
27637
65423
1137
41706
746
9245
22407
37164
56640
44360
53388
2059
5710
1152
2294
4155
36190
509
280
29654
44105
12629
34763
8555
25128
2916
39580
21406
75363
1699
2871
6533
28298
20058
73558
3030
30036
33828
16878
9385
67269
9219
9340
27461
17696
56385
2010
8829
507
54377
13917
43884
12594
5755
21432
9044
746
9000
16915
43128
57314
1667
49227
33
48334
5971
1639
25124
6809
6978
65068
58283
6934
2754
25493
30060
8478
25350
9462
38988
2896
2171
12423
5421
19877
36198
358
17375
16088
10675
59999
65013
121
35557
37411
72538
402
9245
42714
65681
49757
42191
63414
3190
4769
4008
177
9802
27746
1511
4722
40517
40953
29304
12354
19926
2467
58906
8428
8548
64317
32109
976
22009
5198
8517
7655
10692
24734
18760
30202
7551
21580
7207
22615
12352
53916
38562
2684
9542
35352
353
21504
9118
17076
13243
4896
55142
26869
9281
3606
37477
2851
7841
2784
18528
57241
51105
14716
6702
23947
41345
17855
5123
5668
20569
25765
13
26309
26926
4798
47172
23586
2310
50340
49622
18582
61971
36309
9381
68736
10609
35608
37044
3510
1296
2106
2446
67268
7918
17078
48071
61689
25822
63640
9472
11736
3063
4254
47440
57326
4570
5374
5910
41880
3574
1753
5959
57856
41557
29151
72658
39942
4395
62050
37217
7039
25498
20387
35798
24070
52032
2048
82435
26486
40290
32087
11644
48791
20468
51253
48149
305
17504
12759
7801
21798
6195
20087
1318
14388
7740
13368
42824
7264
21364
66261
14639
28977
2228
71974
4887
9003
34358
9676
7639
1986
21958
5404
15146
54900
1477
9926
12572
6103
39047
273
28989
76573
3163
3956
29328
40390
18665
6845
13866
12720
9912
1705
1836
73603
31607
46083
83766
4736
4095
50921
35352
30446
9363
157
8486
22853
6933
9397
12922
39105
17158
10015
9401
10865
13730
56
42710
8753
15009
74697
13370
17844
5256
3072
22644
58952
20686
64442
6515
16568
3852
48482
33443
424
15661
6989
7129
44156
5627
32698
15430
9043
70055
18392
54140
70121
4892
6701
15722
11972
151
15339
19162
1846
1411
2915
1007
7848
15039
12043
1896
29012
18435
42178
53903
373
10814
12555
4801
810
1649
1095
46743
21140
50493
40575
3287
59995
23247
18427
13258
50562
8561
59195
15842
13593
737
3459
3314
34462
1436
39945
54780
43123
7662
5288
20740
2296
11987
18466
64748
24929
5100
4085
2939
90934
92278
8910
5466
9560
6595
42651
3076
93874
9483
39015
5712
20943
40339
27011
66944
24809
84073
5061
22408
28264
36846
8770
793
17789
4725
16702
126
11471
15526
7178
4106
35883
14297
38865
53997
88839
10632
3231
4006
9063
13603
7320
13930
20974
3462
3441
1374
1565
12944
79746
1146
30067
25121
33366
9144
25866
76
10523
35266
42687
8949
73071
18637
23146
33246
51385
24677
34125
9813
29496
66184
9005
92340
48216
55262
2338
44435
16074
3865
6948
4126
16948
33533
18524
47574
32282
11997
27978
874
42662
46794
14188
18801
9856
49456
18430
17112
5449
1213
6113
17598
79190
18796
29592
19338
39960
74778
41586
3460
34595
15449
6834
53606
17219
30407
31725
230
875
57458
8638
12859
13089
507
13376
14743
52703
26947
2482
18955
21703
59744
13674
5232
8752
5652
8508
436
4427
95361
6131
78596
20201
248
21182
38551
41426
83797
1672
38580
13679
25334
90675
81345
13894
58032
2208
3504
3111
46603
10928
2269
17623
17384
66350
10830
23528
72597
26037
9706
49331
4140
8154
39998
38706
37608
77567
15555
80937
21281
31484
52210
28068
17014
31714
3362
64912
43677
1879
43749
73864
4550
10
40696
53699
26080
11277
44555
29170
23543
41935
20157
63741
53630
25276
54496
3002
23417
58256
60706
35592
2374
4577
626
32636
8965
151
60270
24324
36428
19800
15895
34967
67418
3579
17107
14733
5272
32354
2228
74002
78250
20771
51466
53057
32004
52493
6894
8856
20300
1804
22295
63674
17346
30009
81323
41593
9739
8608
25992
29387
5561
42534
22553
68124
3957
30585
47304
49721
44004
58252
2890
23510
5832
64775
4440
6931
41238
43704
25525
45494
25156
12810
23075
47160
10886
636
14983
37436
1061
9670
5930
1483
841
1645
10394
50756
58214
723
80657
14198
2892
56277
5560
29328
60061
12783
30961
17352
10575
3975
24831
1908
26020
13691
29469
29637
25477
15725
1492
8667
3609
27987
35682
1704
12095
7369
3736
29305
2911
8076
45406
60157
3043
4695
18062
11276
7460
21331
6742
41452
5961
23463
3156
26087
15908
54071
12886
7398
111
27723
27652
10049
47335
49141
51359
42960
8701
9214
8441
56594
373
4041
38501
54047
16024
8047
37681
9537
10712
28180
5231
3019
54396
47987
8803
113
33757
5764
16478
2540
13114
35255
54080
16063
50223
23373
14445
6517
34380
31986
40317
34918
16300
10665
13073
36439
18748
42649
36889
4600
38952
23048
876
270
53982
36617
29665
13247
1294
27230
15021
1163
5059
16351
13329
43198
27005
29242
32144
125
8594
26909
559
9277
7050
20529
9234
55078
18146
6680
3264
8138
34355
23200
1530
30124
1792
21081
72456
37401
6828
35764
5412
17477
439
5706
74668
28350
9292
9005
14121
8776
91970
36674
93
58923
48020
2647
20676
23481
15274
59525
29565
7940
12473
20978
15324
219
10091
1050
24004
1703
2553
3660
50401
24855
2692
38146
12140
15753
14059
69198
6989
16549
1587
31916
26937
13321
49051
670
42342
64916
5437
21326
48830
85409
2456
33120
2096
2501
4397
21596
12319
23314
4050
22266
172
9230
74630
81064
29338
12806
34465
6860
25254
36641
13418
12246
29353
13116
76961
11263
61191
46250
41203
25778
79734
9554
3342
30963
4485
11257
4831
1671
29569
53901
48144
37685
20929
36400
35317
7114
77508
326
4207
1853
51948
77669
49783
24000
22922
7774
34871
22832
1472
456
46002
6382
69566
59017
10447
9346
32095
1203
4200
20994
34002
19620
36888
7960
1198
1922
72268
38403
3326
50449
10092
2555
4874
3581
74563
28464
385
34287
23194
1290
75540
17384
38086
23
21998
69651
868
20950
1188
28171
3808
40759
3505
59546
76346
12757
11846
51150
21548
61933
11516
26917
65184
49969
3031
70333
14273
26104
2421
15299
334
13605
25503
22985
2198
5289
71572
65259
62268
2256
54589
12333
20196
27269
79448
45782
49862
24600
49563
18844
61684
46216
4533
12689
37451
66701
40811
5721
29802
4414
8443
34706
71390
60965
17413
77
3949
16578
5915
4777
28439
67587
618
26807
24585
8014
65681
20294
10847
1641
28878
18678
60050
17732
59262
42083
16276
16529
8141
46254
1240
4999
40928
30548
47978
6966
16640
15060
67177
27890
6732
20051
34840
18965
53503
62052
23855
8508
9830
59739
8442
75902
17741
55158
41790
35871
84205
655
47979
63364
376
84598
47885
44566
22404
45250
20439
2365
36343
1695
1242
43624
5277
23306
7132
12315
58
16011
16822
10257
4285
55630
5518
11501
42952
47085
9582
12827
44054
7882
16098
54401
18796
26991
19475
7798
12174
25204
36444
36746
82209
65196
35616
33866
70285
7879
21711
26820
5006
34254
29828
22330
10093
66651
3368
81344
21512
47975
49964
4599
37087
59781
41552
20774
8357
21972
36748
57270
46378
10565
53358
36557
1804
6356
10758
7669
4977
44007
71088
14091
21479
15975
8965
5160
15487
8922
39469
5152
24
37389
64936
18834
39219
11608
45483
66084
70150
34338
14865
8925
28787
33916
54348
37308
3076
47
8567
21514
2332
4790
54382
8788
20134
5612
11671
27630
42304
30530
1054
53287
3707
68781
11735
10984
25708
3249
38766
28907
12367
15186
27407
21533
23385
7954
12991
15136
16636
46849
2001
17570
20934
32243
29657
41268
6143
1636
85259
3099
27795
26067
16770
20880
74618
34472
3756
19915
13686
19024
7442
1958
72758
27572
28405
21653
30215
6117
1817
61404
43791
1712
17028
19658
811
10388
296
7971
6060
36195
5778
78356
7116
16306
58352
31
11423
5319
20171
30937
36881
36589
1083
33529
45150
29528
6048
41582
5689
86726
66672
62759
70305
5840
20719
20453
7638
22987
6028
39613
44110
1042
21691
17107
2961
36336
33864
44161
3141
4969
14589
4610
19717
10272
77952
47072
312
58783
9722
48424
31112
9223
26909
10460
27098
2649
51541
68833
21351
2869
5587
10368
20042
50391
5386
4852
15650
18930
89500
73998
40460
20763
6180
844
2362
41235
33140
27941
4757
19896
790
20914
2941
2028
4002
3358
50372
50644
75328
36641
27844
15989
38010
20201
5499
16226
14510
22339
17598
13819
5196
38185
52950
341
799
70014
6400
1585
26512
57198
18787
57250
40777
19359
19696
62811
17630
6486
1830
10453
3679
21054
1827
20331
86351
51004
22600
51130
36719
36469
10878
6913
85
9492
11813
58602
69622
2310
1273
16029
61775
12356
1852
5916
17329
13497
45218
26364
3092
5464
7084
26674
4064
2630
66340
19694
10196
18441
16397
10609
4361
30688
31699
11484
836
31685
58688
4252
50143
5349
10999
15958
27380
55851
51037
31844
13858
44896
23760
17954
64689
33459
43927
15910
27082
136
62934
8130
46691
5472
2041
12668
14786
73662
41488
54261
27038
16899
27259
85660
22664
21424
32401
5168
46878
4802
33189
58497
34428
13648
48850
26750
1355
27193
83534
3887
43692
47788
10110
20496
51699
13076
1854
16343
34613
49380
6225
10049
957
30502
7538
24304
1849
6200
16389
14503
48088
14425
3665
10299
50365
20996
15998
45204
23250
14894
50599
16831
20610
4570
66523
4258
14369
2799
8474
2017
57360
52486
7262
10458
8144
9442
10006
39362
20444
55350
59932
11684
64965
10928
3723
46095
39736
32731
39290
23077
15175
20957
1572
60561
7388
12073
2441
6389
17548
41193
9119
587
10484
29341
6400
21983
86732
16139
4746
412
16328
2378
30279
9528
467
52
24562
15162
1007
7924
13072
17203
66194
3815
42057
45213
1126
35750
56676
6867
21319
4563
77129
22710
5024
36434
24816
20696
31867
29673
67616
4430
48075
53090
1569
11558
9209
1167
50848
3936
1285
33761
14408
30081
3972
20905
32926
47045
24334
12423
5447
11512
2502
8353
3636
39867
34700
8808
65376
79325
43242
49009
66152
60184
34552
35852
10200
16480
45056
72289
9425
26549
53300
96326
4240
2071
84300
1338
17945
7024
919
10464
21724
14557
15064
274
1857
61985
27400
32616
1850
55624
4181
1392
37682
40874
51435
16105
40318
39752
31294
61940
45364
33837
30786
36369
37467
70959
37270
23095
749
10349
10482
45906
16179
41307
50059
6001
13630
13020
17260
17635
53900
12967
7125
14908
9962
49126
18215
20435
28305
16762
3582
85055
26837
35888
46428
45350
50550
1659
54469
80147
7706
58676
30387
52059
30392
8
53542
3484
1574
1769
25116
4433
17041
16725
42683
4915
9497
9337
25059
7948
21157
1873
14788
21782
31792
7291
18067
2500
83590
9009
10469
23673
2875
52233
28952
26540
12276
19279
7184
6534
25103
34516
44674
66163
47223
15602
1881
7024
45857
1477
28136
3968
1256
57060
1879
15360
79978
7201
704
13702
14874
59393
17986
31092
19443
2091
1539
67900
254
13741
2151
18382
23645
656
23362
50979
30917
30016
11057
2440
31007
35127
48963
10341
50508
23055
20895
78502
3246
13254
5534
4121
33893
65408
5735
8223
74324
39747
16499
18591
6867
5270
5270
5999
34568
22419
5498
11581
4265
8967
64731
27449
57251
3333
35358
12462
93045
12438
42330
53490
8091
3330
8209
361
9463
6972
4479
2557
57305
41897
31961
124
49195
49877
10252
21076
20238
12032
2595
43280
33725
54332
5411
30000
83297
12781
7608
1369
6585
11601
16258
48455
7330
2629
27585
1862
19996
3975
7078
38173
17393
37274
61
15841
4129
3691
56
3822
13934
4151
60689
64171
10524
1869
32479
22154
42470
21228
2439
43507
9795
22634
27651
96993
86957
55440
24897
9092
35408
7960
226
31719
9780
8565
6197
4495
3693
7944
14717
14332
2484
3638
746
33305
32471
26296
37072
67672
1669
19466
69393
8355
30279
1846
11856
424
3924
53073
1400
2950
32161
19759
10297
3637
21579
20997
60350
23844
5970
7880
72738
34075
86231
435
42545
8750
25224
2580
40649
10957
20462
16591
44864
76377
4021
25169
59170
15557
505
10076
30229
718
16019
43627
6717
339
8873
27504
76393
16410
7941
4612
48429
77665
21702
265
16958
9532
52385
8495
48505
30965
2275
29042
16774
3648
13714
3102
57305
18869
35478
8710
3831
64967
3451
11159
13006
9156
6700
53747
31745
11132
39678
44853
46764
37219
37961
22418
47940
33118
1474
17670
2470
24632
77177
23493
1726
78957
17
31858
89435
44479
27061
17470
35486
1256
1372
45185
15602
49432
16772
12905
22604
261
51344
5195
2342
90
30905
21380
81876
30210
660
19349
9306
23177
3959
2724
31485
19068
29257
80860
660
42913
11592
17264
42154
23529
34278
383
15167
62504
34588
3526
25113
33926
18514
25922
9088
46018
1926
42512
57607
689
8267
47071
20857
55856
39048
70376
8824
11813
9973
27014
20041
5480
15282
10224
23563
19766
28397
30513
16661
3749
25029
21792
9855
2675
19288
19095
52119
10307
2970
22340
39580
3265
33950
53842
49457
6009
71637
15698
7126
38770
1437
16268
8970
461
17481
74055
36827
78112
18494
11107
16013
6026
63702
47
86898
1282
12970
5816
15456
1513
359
39453
39682
1437
32854
36029
51484
2459
81150
4776
8829
27539
67263
1175
23470
20702
17131
21413
4553
3666
92387
2386
35555
34252
34346
28548
5953
1784
37889
58033
20939
41882
56224
37238
71747
34122
33996
23230
56632
71385
8510
30524
4694
40844
28868
34288
22168
74720
71578
32027
41664
557
43000
16536
47497
3855
685
68733
5774
18709
11784
43078
38805
30611
26730
62205
26671
86693
67700
4017
60267
32792
2352
53350
46605
39480
1210
40530
2802
17640
493
3467
6766
19324
18999
26548
12393
13455
19683
36308
3178
7723
6984
8886
18422
26029
8739
19719
11448
79180
28004
682
44161
11147
47327
23097
25990
31402
275
4681
4256
22806
31237
33989
56361
6272
49055
24144
29677
2157
72677
23630
9987
6040
1773
8705
8513
27788
8675
30752
17935
46624
62062
29534
41266
62146
1286
1309
11188
45675
70458
47000
50224
6869
16183
3907
4327
91482
29133
38182
33432
36229
14684
22310
81897
27092
17876
15766
4570
2244
61910
4573
1749
40
17802
18539
20098
277
26051
9987
2000
449
68585
22793
61495
13871
10353
4284
9149
35679
1851
2604
25656
1149
41817
34090
63668
36592
11717
1088
31925
26169
20774
35159
23355
30130
47721
32489
26689
31740
37260
2325
37648
56851
71283
32956
74635
3430
506
32322
6810
3122
76861
7426
919
334
39759
2137
4979
46022
11275
8496
14662
8312
8253
4268
15697
2023
47453
54376
18036
41624
1396
29090
4481
17330
139
39444
18816
17760
9650
27286
47278
1617
29754
37352
8117
16182
11032
30347
4028
12623
7197
3677
16845
35677
37186
1388
8445
1578
16283
6668
5162
32443
7940
796
54352
58352
1119
35106
38686
9001
16281
78057
46376
5239
15694
26992
80089
42675
17563
3657
93970
28322
35087
1713
42048
26834
20933
22369
30908
3582
29425
55653
4477
10035
19394
18452
30680
34752
5835
2974
23932
2348
50856
23626
12091
27494
69823
6118
26427
4316
18960
49621
13752
31248
17133
77295
80050
1993
53926
1477
25445
8566
26631
304
73118
1041
68480
14216
50292
3095
46843
249
2880
7539
1574
25465
43266
5250
4098
77
13371
29618
44267
72095
5076
39658
6263
15014
71227
90978
47510
37519
6416
7798
13230
19080
471
7786
8574
18428
8807
7264
10871
4344
86980
2431
26618
3415
49951
27667
56514
4788
31826
37366
8865
46852
35151
64523
65614
26476
22460
49952
53819
1006
17245
1832
37496
47893
59623
21999
7157
58377
49497
2466
56983
7640
1620
11154
35692
10844
12236
21473
11575
46241
46047
1395
38365
49
80469
49010
3701
25311
1333
1872
10698
38581
27061
62956
604
42848
2012
9451
25807
484
7030
16955
12100
15909
16438
21760
8621
2870
29826
49048
1527
19268
22968
4063
9022
1597
45219
6779
13034
51135
9735
42922
3298
60860
85766
4102
26277
366
3923
14403
32354
1764
2986
5228
10501
68807
76074
19623
4493
2688
20451
54040
1464
13706
11283
72723
7109
32518
10062
47948
2777
24894
34273
33127
19378
70936
57089
64077
5512
28046
46604
4207
22572
7895
68692
1251
9908
37736
27896
5801
44019
78024
23541
746
3902
32077
10795
19822
52179
30021
8811
6664
3089
73864
79091
61749
18454
16362
4864
30883
18275
55472
41201
11960
5390
41704
40383
33565
28856
51325
1670
72721
11848
24915
9685
18411
53296
31065
29085
3024
1168
18657
3812
62620
19932
11385
398
49671
42197
41455
15577
19683
74401
38964
29696
789
65901
1308
56050
4528
15954
576
3555
72099
31743
18849
6930
2057
1770
1853
10335
5555
3207
21714
38363
20927
6966
19696
25878
24141
11688
3758
42232
18275
35454
12557
8953
1170
16665
9040
22138
10280
35982
35039
8752
40371
25542
17362
2777
16166
36263
20767
9083
57113
3663
9494
14569
2126
64231
44305
64194
21750
7878
9312
29193
298
76550
11959
49012
66387
26128
33547
9944
8501
54365
47981
21980
40945
2467
19407
17728
3466
70303
7264
38611
50790
8336
1250
35564
45797
5866
22683
15240
55593
25753
46342
50068
10719
25752
6460
24983
41692
47351
7312
60346
9429
42948
15237
6866
21035
55902
2885
62394
3119
39160
12306
71042
10851
50014
5458
10839
1664
7831
6259
17969
57544
46308
5195
119
28098
3655
2657
6012
5097
31298
40815
6903
14651
4654
89146
23011
20348
16570
8645
28158
12051
25860
73462
5335
16946
25507
1497
6322
12878
6443
27201
18674
30191
44899
44054
51520
50515
28109
14165
782
3748
15168
17993
11473
16231
43255
13376
53847
3132
46133
8940
15937
44184
5306
9512
24442
3909
4726
12874
9185
15653
65812
13167
27494
25279
21177
30617
26741
1213
35504
1971
3559
10727
1971
41155
86209
29185
840
6736
21550
4235
6750
104
12433
27944
14799
13148
32901
87282
10280
29535
27341
11764
10539
67263
13721
23384
24803
20592
5158
10604
60052
13153
23474
27319
18236
30507
31895
8167
25921
22408
22462
46351
48855
2748
37317
19048
29810
33679
14744
19275
12806
49892
13819
605
8129
20710
19952
26194
643
82558
17253
4051
7314
15395
11440
29299
20553
2898
14927
31217
147
5727
15848
5602
248
79102
14477
17263
74490
34779
13269
20848
51
27476
244
7935
16917
1622
4167
18688
6730
8473
9053
6580
73947
28791
10261
1601
43090
31186
41300
37966
2481
21452
33328
12904
30056
45608
38500
16461
5171
62051
4076
3708
2035
25111
22374
41091
3
6122
40887
44034
6590
57811
19431
2530
37199
7164
34322
23833
689
10134
15529
87177
3086
58926
30895
97021
2866
7668
25753
65143
12890
6560
35967
49849
90918
51603
18186
2474
27735
19353
108
72882
15163
41496
6999
18805
5601
8870
24667
53491
17124
50063
17699
67465
25345
