171298
283325
48765
118292
132608
306618
831651
3764
30449
4828
241556
51009
59632
152547
75293
53023
587946
13885
3974
8326
460645
315630
211397
304503
7692
234224
34536
95386
603896
190534
557425
502288
20288
91706
34147
61730
20016
594188
112234
91233
50499
686300
294279
12091
90550
8328
553680
380858
455935
307298
76300
409626
412010
147654
79030
88753
402899
463764
638004
541184
119856
56780
647575
432046
170083
541443
210234
279958
40656
310427
43954
106251
47603
66595
225406
226404
53879
340513
601594
627634
236397
158720
100215
6913
42887
12854
111178
182683
234436
119715
548
150684
140041
201474
251505
251602
116614
591873
14574
120388
473485
483095
671762
855534
23637
695205
48359
94265
117897
154926
519385
278583
179916
2485
180513
411479
442359
228790
670270
121432
543029
382624
336426
36672
144393
131300
481815
83101
526534
54966
324267
134943
201609
468226
39220
43856
1342
521311
5262
464127
279747
12801
1199
55629
753174
399170
50171
63320
453396
34760
136720
81999
250312
218292
226851
190631
76444
3225
51112
464215
696453
185534
290686
13848
147287
105988
25591
229540
1299
178595
120110
517809
112908
525595
139397
214765
494837
145400
3774
12483
148770
145443
167531
35489
778080
18705
837937
128522
386581
173926
101116
26252
280975
207703
14538
417958
183813
92181
13189
30451
399231
116768
64801
225995
98103
692542
88575
660785
5296
620311
150600
73695
57866
65819
308437
457780
1704
28767
412041
162378
331154
112620
673089
356714
155945
227129
383162
158766
17291
473615
225648
693163
313768
483975
255822
422944
283782
330129
56186
232276
201388
251900
256656
553235
625251
193878
59452
343038
39200
668874
65190
406090
300259
31331
461906
84847
256
144179
941112
45469
441036
468088
386190
289060
147331
55054
136520
104055
10049
730953
32179
19603
171857
151217
679046
153750
61461
545458
326158
211512
37688
73385
8402
184800
41036
174860
712410
413622
72697
12054
236967
13710
500591
138955
412541
156316
144308
617766
56022
123547
283266
272525
694003
124954
10178
676934
1088
624845
177172
181830
459055
570888
505787
60619
395407
143106
159178
451475
622678
233600
620475
422096
969893
17303
12253
69457
544506
145214
103864
17570
6773
40882
784413
714102
696378
14355
98496
345191
355275
409931
656024
250154
133465
127897
22806
99419
182828
71760
668386
77704
306380
44975
64902
3618
237672
142307
4558
278593
217147
2252
222108
208495
306355
626020
731509
15169
5152
79510
17659
708302
597236
18607
176124
446526
842644
369465
476542
92679
712671
319679
346458
218678
54971
153948
118665
113100
205066
143555
77985
583950
212863
392582
323666
6187
143332
240680
757330
150504
273479
610245
16375
52604
210151
90
82885
10961
338091
116344
288400
515582
198941
553373
108193
156564
2123
510613
368825
483694
461610
508029
189404
67249
638869
60410
692961
90584
67267
488175
337458
81584
184557
852009
132870
353790
120933
121182
120193
286453
339929
142649
23986
558437
535931
108819
155883
416928
444377
6964
334169
248967
105677
252580
20821
414224
714180
18707
286019
416524
469386
123801
214197
195904
169795
78232
32677
324561
325670
17316
207294
2416
322869
439704
614844
577294
158152
430573
253322
100820
730812
22369
10317
38240
19616
309786
678325
42246
244533
159569
46771
57575
727906
51764
133163
620024
281067
58622
2409
4220
346267
554917
296533
268610
108384
492072
246228
203646
44168
206865
3472
506598
52577
217253
24217
299399
182467
310829
486792
561745
245060
878075
239690
98097
161287
70842
39830
246549
123309
41913
756510
111274
103680
367852
586150
157876
69025
316342
237039
28449
440436
43324
501617
338199
174686
219600
251484
132859
303552
576
58519
83063
14055
270834
1101
415896
29320
113580
3412
131455
14933
666790
191344
632025
16145
716419
272837
54540
667856
408039
74752
72870
342661
150804
637901
158143
166128
26086
19274
305943
43808
135924
795695
150171
426143
275647
16166
134670
34357
137146
976075
208017
305702
431334
61510
29323
876446
81204
178653
776350
323384
468666
1798
87003
720118
40278
416759
523895
58161
2734
660573
141849
132579
566120
39194
572717
458941
132418
45152
96358
364896
47920
106584
53962
560817
90399
45689
19943
112234
31318
250767
203592
439535
142496
452599
139631
197923
82567
10893
400934
572810
354632
342896
266594
23684
203592
332375
17498
439899
369486
197509
19311
312145
435852
12842
2034
597157
495448
166
108155
203097
14287
195970
325569
167681
460302
76240
4102
45404
219051
645832
57605
14798
468149
179738
14673
485890
1261
350845
487671
74069
225265
748239
330346
76702
551781
120985
475109
493915
103728
196750
441548
351528
184246
345476
66918
716963
211890
150972
391023
210642
46211
251389
75839
89734
142527
488183
161362
267
291598
20910
228301
56856
64217
117864
294966
137721
227552
36503
254999
615079
24997
142102
47711
382994
205943
1395
20001
357
25002
139883
336233
875261
555213
330933
52990
475778
567475
238239
182036
375065
74035
5843
4196
126232
896133
118267
242121
643162
101226
69303
437362
138815
179010
6504
149430
758466
634295
63435
410
31842
194851
647493
71474
32980
583401
21985
198968
301763
816146
46156
412954
204151
357414
128972
845699
47453
64327
51018
26160
139367
197912
82325
142980
169034
337336
456476
138977
413162
156771
82
164587
74295
44082
103505
500511
512611
39627
226133
509286
608222
143648
92
175688
242896
29060
460660
564328
54868
53326
704828
316738
280265
259094
311448
45565
153075
147286
15689
480904
229752
37062
82620
577492
348694
404566
404796
42232
94460
366581
580398
130807
83261
370993
93075
15087
25270
336865
78494
203961
22615
13700
91313
6676
838869
368812
812323
320473
315079
47626
32446
461535
772198
231178
35455
49201
198828
175448
551383
290865
914853
248936
155993
94923
402157
99840
492847
101681
65088
7839
238146
64090
74780
37517
216402
276194
277717
66284
56578
278644
244536
784517
51792
199958
242541
299271
193330
336731
6460
448736
112652
84322
171057
381573
374557
196514
735899
64410
323614
356469
42982
240141
53591
89461
641378
109339
371730
152457
3200
465855
109287
287049
353692
110351
121470
3871
485338
92729
3523
295272
57814
550172
61164
302163
211811
3845
643239
313319
142466
24918
187510
290963
867305
141223
56338
702051
107850
87196
783218
1354
496219
73766
34782
130538
130825
296948
299236
184051
404413
58640
477654
62246
189326
249578
213784
192142
117577
320034
121765
51806
868113
59148
5101
435560
55896
289032
664824
532851
174058
181018
183102
4646
315432
209611
15757
130674
314286
341393
208178
62787
387777
148449
9500
479928
637935
263576
720979
195826
33885
430517
202815
27632
450616
674730
36583
280631
31967
116954
437173
268448
315366
398347
